[35m[Appium][39m Welcome to Appium v1.20.2
[35m[Appium][39m Non-default server args:
[35m[Appium][39m   port: 63460
[35m[Appium][39m   loglevel: info
[35m[Appium][39m   tmpDir: C:\Users\BRI\AppData\Local\Temp\\Katalon\Appium\Temp1617268544749
[35m[Appium][39m   chromedriverPort: 63461
[35m[Appium][39m Deprecated server args:
[35m[Appium][39m   [31m--chromedriver-port[39m => --default-capabilities
[35m[Appium][39m Default capabilities, which will be added to each request unless overridden by desired capabilities:
[35m[Appium][39m   chromedriverPort: 63461
[35m[Appium][39m Appium REST http interface listener started on 0.0.0.0:63460
[35m[HTTP][39m [37m-->[39m [37mGET[39m [37m/wd/hub/status[39m
[35m[HTTP][39m [90m{}[39m
[35m[HTTP][39m [37m<-- GET /wd/hub/status [39m[32m200[39m [90m8 ms - 68[39m
[35m[HTTP][39m [90m[39m
[35m[HTTP][39m [37m-->[39m [37mGET[39m [37m/wd/hub/status[39m
[35m[HTTP][39m [90m{}[39m
[35m[HTTP][39m [37m<-- GET /wd/hub/status [39m[32m200[39m [90m1 ms - 68[39m
[35m[HTTP][39m [90m[39m
[35m[HTTP][39m [37m-->[39m [37mPOST[39m [37m/wd/hub/session[39m
[35m[HTTP][39m [90m{"desiredCapabilities":{"app":"E:\\KATALON DRIVE\\01_APK\\BRISPOT MIKRO DAN RITEL\\BrispotBrisurfDev_v03.apk","noReset":true,"deviceName":"samsung SM-A705F (Android 10)","fullReset":false,"platform":"ANDROID","newCommandTimeout":1800,"platformVersion":"10","automationName":"uiautomator2","autoGrantPermissions":true,"platformName":"Android","udid":"RR8N1067ZAD","systemPort":63468},"capabilities":{"firstMatch":[{"appium:app":"E:\\KATALON DRIVE\\01_APK\\BRISPOT MIKRO DAN RITEL\\BrispotBrisurfDev_v03.apk","appium:autoGrantPermissions":true,"appium:automationName":"uiautomator2","appium:deviceName":"samsung SM-A705F (Android 10)","appium:fullReset":false,"appium:newCommandTimeout":1800,"appium:noReset":true,"platform":"ANDROID","platformName":"android","appium:platformVersion":"10","appium:systemPort":63468,"appium:udid":"RR8N1067ZAD"}]}}[39m
[35m[BaseDriver][39m The following capabilities are not standard capabilities and should have an extension prefix:
[35m[BaseDriver][39m   platform
[35m[BaseDriver][39m   chromedriverPort
[35m[Appium][39m Appium v1.20.2 creating new AndroidUiautomator2Driver (v1.61.2) session
[35m[BaseDriver][39m The following capabilities were provided, but are not recognized by Appium:
[35m[BaseDriver][39m   platform
[35m[BaseDriver][39m Session created with session id: 7f00249f-f8c7-41ea-b410-ecefc12329c8
[35m[BaseDriver][39m Using local app 'E:\KATALON DRIVE\01_APK\BRISPOT MIKRO DAN RITEL\BrispotBrisurfDev_v03.apk'
[35m[ADB][39m Found 1 'build-tools' folders under 'C:\Users\BRI\.katalon\tools\android_sdk' (newest first):
[35m[ADB][39m     C:/Users/BRI/.katalon/tools/android_sdk/build-tools/29.0.3
[35m[ADB][39m Using 'adb.exe' from 'C:\Users\BRI\.katalon\tools\android_sdk\platform-tools\adb.exe'
[35m[AndroidDriver][39m Retrieving device list
[35m[AndroidDriver][39m Using device: RR8N1067ZAD
[35m[ADB][39m Using 'adb.exe' from 'C:\Users\BRI\.katalon\tools\android_sdk\platform-tools\adb.exe'
[35m[ADB][39m Getting device platform version
[35m[UiAutomator2][39m Relaxing hidden api policy
[35m[ADB][39m Package name: 'id.co.bri.brispotnew'
[35m[ADB][39m Main activity name: 'id.co.bri.brispotnew.SplashScreenActivity'
[35m[ADB][39m Using 'apksigner.jar' from 'C:\Users\BRI\.katalon\tools\android_sdk\build-tools\29.0.3\lib\apksigner.jar'
[35m[ADB][39m 'C:\Users\BRI\AppData\Roaming\npm\node_modules\appium\node_modules\appium-uiautomator2-server\apks\appium-uiautomator2-server-v4.17.4.apk' is signed with the default certificate
[35m[ADB][39m 'C:\Users\BRI\AppData\Roaming\npm\node_modules\appium\node_modules\appium-uiautomator2-server\apks\appium-uiautomator2-server-debug-androidTest.apk' is signed with the default certificate
[35m[UiAutomator2][39m Server packages are not going to be (re)installed
[35m[ADB][39m Adding packages ["io.appium.settings","io.appium.uiautomator2.server","io.appium.uiautomator2.server.test"] to Doze whitelist
[35m[ADB][39m 'E:\KATALON DRIVE\01_APK\BRISPOT MIKRO DAN RITEL\BrispotBrisurfDev_v03.apk' is signed with a non-default certificate
[35m[UiAutomator2][39m Starting UIAutomator2 server 4.17.4
[35m[UiAutomator2][39m Using UIAutomator2 server from 'C:\Users\BRI\AppData\Roaming\npm\node_modules\appium\node_modules\appium-uiautomator2-server\apks\appium-uiautomator2-server-v4.17.4.apk' and test from 'C:\Users\BRI\AppData\Roaming\npm\node_modules\appium\node_modules\appium-uiautomator2-server\apks\appium-uiautomator2-server-debug-androidTest.apk'
[35m[UiAutomator2][39m Waiting up to 30000ms for UiAutomator2 to be online...
[35m[WD Proxy][39m socket hang up
[35m[WD Proxy][39m socket hang up
[35m[WD Proxy][39m socket hang up
[35m[WD Proxy][39m Determined the downstream protocol as 'W3C'
[35m[AndroidDriver][39m Screen already unlocked, doing nothing
[35m[UiAutomator2][39m Starting 'id.co.bri.brispotnew/id.co.bri.brispotnew.SplashScreenActivity and waiting for 'id.co.bri.brispotnew/id.co.bri.brispotnew.SplashScreenActivity'
[35m[Appium][39m New AndroidUiautomator2Driver session created successfully, session 7f00249f-f8c7-41ea-b410-ecefc12329c8 added to master session list
[35m[HTTP][39m [37m<-- POST /wd/hub/session [39m[32m200[39m [90m10149 ms - 1310[39m
[35m[HTTP][39m [90m[39m
[35m[HTTP][39m [37m-->[39m [37mGET[39m [37m/wd/hub/session/7f00249f-f8c7-41ea-b410-ecefc12329c8[39m
[35m[HTTP][39m [90m{}[39m
[35m[HTTP][39m [37m<-- GET /wd/hub/session/7f00249f-f8c7-41ea-b410-ecefc12329c8 [39m[32m200[39m [90m11 ms - 1264[39m
[35m[HTTP][39m [90m[39m
[35m[HTTP][39m [37m-->[39m [37mGET[39m [37m/wd/hub/session/7f00249f-f8c7-41ea-b410-ecefc12329c8[39m
[35m[HTTP][39m [90m{}[39m
[35m[HTTP][39m [37m<-- GET /wd/hub/session/7f00249f-f8c7-41ea-b410-ecefc12329c8 [39m[32m200[39m [90m11 ms - 1264[39m
[35m[HTTP][39m [90m[39m
[35m[HTTP][39m [37m-->[39m [37mGET[39m [37m/wd/hub/status[39m
[35m[HTTP][39m [90m{}[39m
[35m[HTTP][39m [37m<-- GET /wd/hub/status [39m[32m200[39m [90m1 ms - 68[39m
[35m[HTTP][39m [90m[39m
[35m[HTTP][39m [37m-->[39m [37mPOST[39m [37m/wd/hub/session/7f00249f-f8c7-41ea-b410-ecefc12329c8/timeouts[39m
[35m[HTTP][39m [90m{"implicit":60000}[39m
[35m[HTTP][39m [37m<-- POST /wd/hub/session/7f00249f-f8c7-41ea-b410-ecefc12329c8/timeouts [39m[32m200[39m [90m3 ms - 14[39m
[35m[HTTP][39m [90m[39m
[35m[HTTP][39m [37m-->[39m [37mGET[39m [37m/wd/hub/session/7f00249f-f8c7-41ea-b410-ecefc12329c8/source[39m
[35m[HTTP][39m [90m{}[39m
[35m[W3C (7f00249f)][39m Driver proxy active, passing request on via HTTP proxy
[35m[WD Proxy][39m Replacing sessionId 87da03b7-5542-4b88-880e-490d19391590 with 7f00249f-f8c7-41ea-b410-ecefc12329c8
[35m[HTTP][39m [37m<-- GET /wd/hub/session/7f00249f-f8c7-41ea-b410-ecefc12329c8/source [39m[32m200[39m [90m1441 ms - 5036[39m
[35m[HTTP][39m [90m[39m
[35m[HTTP][39m [37m-->[39m [37mGET[39m [37m/wd/hub/session/7f00249f-f8c7-41ea-b410-ecefc12329c8/screenshot[39m
[35m[HTTP][39m [90m{}[39m
[35m[HTTP][39m [37m<-- GET /wd/hub/session/7f00249f-f8c7-41ea-b410-ecefc12329c8/screenshot [39m[32m200[39m [90m356 ms - 99940[39m
[35m[HTTP][39m [90m[39m
[35m[HTTP][39m [37m-->[39m [37mGET[39m [37m/wd/hub/session/7f00249f-f8c7-41ea-b410-ecefc12329c8/source[39m
[35m[HTTP][39m [90m{}[39m
[35m[W3C (7f00249f)][39m Driver proxy active, passing request on via HTTP proxy
[35m[WD Proxy][39m Replacing sessionId 87da03b7-5542-4b88-880e-490d19391590 with 7f00249f-f8c7-41ea-b410-ecefc12329c8
[35m[HTTP][39m [37m<-- GET /wd/hub/session/7f00249f-f8c7-41ea-b410-ecefc12329c8/source [39m[32m200[39m [90m283 ms - 22510[39m
[35m[HTTP][39m [90m[39m
[35m[HTTP][39m [37m-->[39m [37mGET[39m [37m/wd/hub/session/7f00249f-f8c7-41ea-b410-ecefc12329c8/screenshot[39m
[35m[HTTP][39m [90m{}[39m
[35m[HTTP][39m [37m<-- GET /wd/hub/session/7f00249f-f8c7-41ea-b410-ecefc12329c8/screenshot [39m[32m200[39m [90m488 ms - 153554[39m
[35m[HTTP][39m [90m[39m
[35m[HTTP][39m [37m-->[39m [37mPOST[39m [37m/wd/hub/session/7f00249f-f8c7-41ea-b410-ecefc12329c8/elements[39m
[35m[HTTP][39m [90m{"using":"xpath","value":"//*[@class = 'android.widget.LinearLayout' and (@text = '' or . = '')]"}[39m
[35m[HTTP][39m [37m<-- POST /wd/hub/session/7f00249f-f8c7-41ea-b410-ecefc12329c8/elements [39m[32m200[39m [90m265 ms - 1931[39m
[35m[HTTP][39m [90m[39m
[35m[HTTP][39m [37m-->[39m [37mPOST[39m [37m/wd/hub/session/7f00249f-f8c7-41ea-b410-ecefc12329c8/elements[39m
[35m[HTTP][39m [90m{"using":"-android uiautomator","value":"new UiSelector().className(\"android.widget.LinearLayout\")"}[39m
[35m[HTTP][39m [37m<-- POST /wd/hub/session/7f00249f-f8c7-41ea-b410-ecefc12329c8/elements [39m[32m200[39m [90m784 ms - 1931[39m
[35m[HTTP][39m [90m[39m
[35m[HTTP][39m [37m-->[39m [37mPOST[39m [37m/wd/hub/session/7f00249f-f8c7-41ea-b410-ecefc12329c8/elements[39m
[35m[HTTP][39m [90m{"using":"xpath","value":"//*[@class = 'android.widget.LinearLayout' and (@text = '' or . = '')]"}[39m
[35m[HTTP][39m [37m<-- POST /wd/hub/session/7f00249f-f8c7-41ea-b410-ecefc12329c8/elements [39m[32m200[39m [90m188 ms - 1931[39m
[35m[HTTP][39m [90m[39m
[35m[HTTP][39m [37m-->[39m [37mPOST[39m [37m/wd/hub/session/7f00249f-f8c7-41ea-b410-ecefc12329c8/elements[39m
[35m[HTTP][39m [90m{"using":"-android uiautomator","value":"new UiSelector().className(\"android.widget.LinearLayout\")"}[39m
[35m[HTTP][39m [37m<-- POST /wd/hub/session/7f00249f-f8c7-41ea-b410-ecefc12329c8/elements [39m[32m200[39m [90m652 ms - 1931[39m
[35m[HTTP][39m [90m[39m
[35m[HTTP][39m [37m-->[39m [37mPOST[39m [37m/wd/hub/session/7f00249f-f8c7-41ea-b410-ecefc12329c8/elements[39m
[35m[HTTP][39m [90m{"using":"xpath","value":"//*[@class = 'android.widget.FrameLayout' and @resource-id = 'id.co.bri.brispotnew:id/lo_view' and (@text = '' or . = '')]"}[39m
[35m[HTTP][39m [37m<-- POST /wd/hub/session/7f00249f-f8c7-41ea-b410-ecefc12329c8/elements [39m[32m200[39m [90m143 ms - 139[39m
[35m[HTTP][39m [90m[39m
[35m[BaseDriver][39m Shutting down because we waited 1800 seconds for a command
[35m[Appium][39m Closing session, cause was 'New Command Timeout of 1800 seconds expired. Try customizing the timeout using the 'newCommandTimeout' desired capability'
[35m[Appium][39m Removing session '7f00249f-f8c7-41ea-b410-ecefc12329c8' from our master session list
[35m[UiAutomator2][39m Did not get confirmation UiAutomator2 deleteSession worked; Error was: UnknownError: An unknown server-side error occurred while processing the command. Original error: 'DELETE /' cannot be proxied to UiAutomator2 server because the instrumentation process is not running (probably crashed). Check the server log and/or the logcat output for more details
[35m[UiAutomator2][39m Restoring hidden api policy to the device default configuration
